# JRE version: Java(TM) SE Runtime Environment (7.0_40-b43) (build 1.7.0_40-b43)
# Java VM: Java HotSpot(TM) 64-Bit Server VM (24.0-b56 mixed mode windows-amd64 compressed oops)
Heap
 PSYoungGen      total 1068032K, used 65504K [0x00000007aaa80000, 0x00000007f6980000, 0x0000000800000000)
  eden space 1002496K, 0% used [0x00000007aaa80000,0x00000007aaa80048,0x00000007e7d80000)
  from space 65536K, 99% used [0x00000007ee180000,0x00000007f2178308,0x00000007f2180000)
  to   space 102400K, 0% used [0x00000007e7d80000,0x00000007e7d80000,0x00000007ee180000)
 ParOldGen       total 174080K, used 160077K [0x0000000700000000, 0x000000070aa00000, 0x00000007aaa80000)
  object space 174080K, 91% used [0x0000000700000000,0x0000000709c53770,0x000000070aa00000)
 PSPermGen       total 21504K, used 6024K [0x00000006fae00000, 0x00000006fc300000, 0x0000000700000000)
  object space 21504K, 28% used [0x00000006fae00000,0x00000006fb3e2200,0x00000006fc300000)
GC Heap History (10 events):
Event: 2.681 GC heap after
Heap after GC invocations=4 (full 0):
 PSYoungGen      total 274944K, used 10733K [0x00000007aaa80000, 0x00000007bc180000, 0x0000000800000000)
  eden space 264192K, 0% used [0x00000007aaa80000,0x00000007aaa80000,0x00000007bac80000)
  from space 10752K, 99% used [0x00000007bb700000,0x00000007bc17b508,0x00000007bc180000)
  to   space 10752K, 0% used [0x00000007bac80000,0x00000007bac80000,0x00000007bb700000)
 ParOldGen       total 174080K, used 50329K [0x0000000700000000, 0x000000070aa00000, 0x00000007aaa80000)
  object space 174080K, 28% used [0x0000000700000000,0x00000007031264a8,0x000000070aa00000)
 PSPermGen       total 21504K, used 5927K [0x00000006fae00000, 0x00000006fc300000, 0x0000000700000000)
  object space 21504K, 27% used [0x00000006fae00000,0x00000006fb3c9cf8,0x00000006fc300000)
}
Event: 3.248 GC heap before
{Heap before GC invocations=5 (full 0):
 PSYoungGen      total 274944K, used 274925K [0x00000007aaa80000, 0x00000007bc180000, 0x0000000800000000)
  eden space 264192K, 100% used [0x00000007aaa80000,0x00000007bac80000,0x00000007bac80000)
  from space 10752K, 99% used [0x00000007bb700000,0x00000007bc17b508,0x00000007bc180000)
  to   space 10752K, 0% used [0x00000007bac80000,0x00000007bac80000,0x00000007bb700000)
 ParOldGen       total 174080K, used 50329K [0x0000000700000000, 0x000000070aa00000, 0x00000007aaa80000)
  object space 174080K, 28% used [0x0000000700000000,0x00000007031264a8,0x000000070aa00000)
 PSPermGen       total 21504K, used 5960K [0x00000006fae00000, 0x00000006fc300000, 0x0000000700000000)
  object space 21504K, 27% used [0x00000006fae00000,0x00000006fb3d22a0,0x00000006fc300000)
Event: 3.316 GC heap after
Heap after GC invocations=5 (full 0):
 PSYoungGen      total 274944K, used 10722K [0x00000007aaa80000, 0x00000007d1980000, 0x0000000800000000)
  eden space 264192K, 0% used [0x00000007aaa80000,0x00000007aaa80000,0x00000007bac80000)
  from space 10752K, 99% used [0x00000007bac80000,0x00000007bb6f8a48,0x00000007bb700000)
  to   space 54784K, 0% used [0x00000007ce400000,0x00000007ce400000,0x00000007d1980000)
 ParOldGen       total 174080K, used 92379K [0x0000000700000000, 0x000000070aa00000, 0x00000007aaa80000)
  object space 174080K, 53% used [0x0000000700000000,0x0000000705a36cf8,0x000000070aa00000)
 PSPermGen       total 21504K, used 5960K [0x00000006fae00000, 0x00000006fc300000, 0x0000000700000000)
  object space 21504K, 27% used [0x00000006fae00000,0x00000006fb3d22a0,0x00000006fc300000)
}
Event: 3.732 GC heap before
{Heap before GC invocations=6 (full 0):
 PSYoungGen      total 274944K, used 274914K [0x00000007aaa80000, 0x00000007d1980000, 0x0000000800000000)
  eden space 264192K, 100% used [0x00000007aaa80000,0x00000007bac80000,0x00000007bac80000)
  from space 10752K, 99% used [0x00000007bac80000,0x00000007bb6f8a48,0x00000007bb700000)
  to   space 54784K, 0% used [0x00000007ce400000,0x00000007ce400000,0x00000007d1980000)
 ParOldGen       total 174080K, used 92381K [0x0000000700000000, 0x000000070aa00000, 0x00000007aaa80000)
  object space 174080K, 53% used [0x0000000700000000,0x0000000705a37428,0x000000070aa00000)
 PSPermGen       total 21504K, used 5987K [0x00000006fae00000, 0x00000006fc300000, 0x0000000700000000)
  object space 21504K, 27% used [0x00000006fae00000,0x00000006fb3d8e70,0x00000006fc300000)
Event: 3.798 GC heap after
Heap after GC invocations=6 (full 0):
 PSYoungGen      total 574464K, used 51758K [0x00000007aaa80000, 0x00000007d2a80000, 0x0000000800000000)
  eden space 519680K, 0% used [0x00000007aaa80000,0x00000007aaa80000,0x00000007ca600000)
  from space 54784K, 94% used [0x00000007ce400000,0x00000007d168b828,0x00000007d1980000)
  to   space 63488K, 0% used [0x00000007ca600000,0x00000007ca600000,0x00000007ce400000)
 ParOldGen       total 174080K, used 92381K [0x0000000700000000, 0x000000070aa00000, 0x00000007aaa80000)
  object space 174080K, 53% used [0x0000000700000000,0x0000000705a37428,0x000000070aa00000)
 PSPermGen       total 21504K, used 5987K [0x00000006fae00000, 0x00000006fc300000, 0x0000000700000000)
  object space 21504K, 27% used [0x00000006fae00000,0x00000006fb3d8e70,0x00000006fc300000)
}
Event: 3.800 GC heap before
{Heap before GC invocations=7 (full 0):
 PSYoungGen      total 574464K, used 57451K [0x00000007aaa80000, 0x00000007d2a80000, 0x0000000800000000)
  eden space 519680K, 1% used [0x00000007aaa80000,0x00000007ab00f450,0x00000007ca600000)
  from space 54784K, 94% used [0x00000007ce400000,0x00000007d168b828,0x00000007d1980000)
  to   space 63488K, 0% used [0x00000007ca600000,0x00000007ca600000,0x00000007ce400000)
 ParOldGen       total 174080K, used 92381K [0x0000000700000000, 0x000000070aa00000, 0x00000007aaa80000)
  object space 174080K, 53% used [0x0000000700000000,0x0000000705a37428,0x000000070aa00000)
 PSPermGen       total 21504K, used 5987K [0x00000006fae00000, 0x00000006fc300000, 0x0000000700000000)
  object space 21504K, 27% used [0x00000006fae00000,0x00000006fb3d8fe0,0x00000006fc300000)
Event: 3.868 GC heap after
Heap after GC invocations=7 (full 0):
 PSYoungGen      total 583168K, used 44828K [0x00000007aaa80000, 0x00000007f2180000, 0x0000000800000000)
  eden space 519680K, 0% used [0x00000007aaa80000,0x00000007aaa80000,0x00000007ca600000)
  from space 63488K, 70% used [0x00000007ca600000,0x00000007cd1c7080,0x00000007ce400000)
  to   space 65536K, 0% used [0x00000007ee180000,0x00000007ee180000,0x00000007f2180000)
 ParOldGen       total 174080K, used 97718K [0x0000000700000000, 0x000000070aa00000, 0x00000007aaa80000)
  object space 174080K, 56% used [0x0000000700000000,0x0000000705f6db88,0x000000070aa00000)
 PSPermGen       total 21504K, used 5987K [0x00000006fae00000, 0x00000006fc300000, 0x0000000700000000)
  object space 21504K, 27% used [0x00000006fae00000,0x00000006fb3d8fe0,0x00000006fc300000)
}
Event: 4.647 GC heap before
{Heap before GC invocations=8 (full 0):
 PSYoungGen      total 583168K, used 564508K [0x00000007aaa80000, 0x00000007f2180000, 0x0000000800000000)
  eden space 519680K, 100% used [0x00000007aaa80000,0x00000007ca600000,0x00000007ca600000)
  from space 63488K, 70% used [0x00000007ca600000,0x00000007cd1c7080,0x00000007ce400000)
  to   space 65536K, 0% used [0x00000007ee180000,0x00000007ee180000,0x00000007f2180000)
 ParOldGen       total 174080K, used 97718K [0x0000000700000000, 0x000000070aa00000, 0x00000007aaa80000)
  object space 174080K, 56% used [0x0000000700000000,0x0000000705f6db88,0x000000070aa00000)
 PSPermGen       total 21504K, used 6024K [0x00000006fae00000, 0x00000006fc300000, 0x0000000700000000)
  object space 21504K, 28% used [0x00000006fae00000,0x00000006fb3e2200,0x00000006fc300000)
Event: 4.771 GC heap after
Heap after GC invocations=8 (full 0):
 PSYoungGen      total 1068032K, used 65504K [0x00000007aaa80000, 0x00000007f6980000, 0x0000000800000000)
  eden space 1002496K, 0% used [0x00000007aaa80000,0x00000007aaa80000,0x00000007e7d80000)
  from space 65536K, 99% used [0x00000007ee180000,0x00000007f2178308,0x00000007f2180000)
  to   space 102400K, 0% used [0x00000007e7d80000,0x00000007e7d80000,0x00000007ee180000)
 ParOldGen       total 174080K, used 160077K [0x0000000700000000, 0x000000070aa00000, 0x00000007aaa80000)
  object space 174080K, 91% used [0x0000000700000000,0x0000000709c53770,0x000000070aa00000)
 PSPermGen       total 21504K, used 6024K [0x00000006fae00000, 0x00000006fc300000, 0x0000000700000000)
  object space 21504K, 28% used [0x00000006fae00000,0x00000006fb3e2200,0x00000006fc300000)
}
Event: 4.771 GC heap before
{Heap before GC invocations=9 (full 1):
 PSYoungGen      total 1068032K, used 65504K [0x00000007aaa80000, 0x00000007f6980000, 0x0000000800000000)
  eden space 1002496K, 0% used [0x00000007aaa80000,0x00000007aaa80000,0x00000007e7d80000)
  from space 65536K, 99% used [0x00000007ee180000,0x00000007f2178308,0x00000007f2180000)
  to   space 102400K, 0% used [0x00000007e7d80000,0x00000007e7d80000,0x00000007ee180000)
 ParOldGen       total 174080K, used 160077K [0x0000000700000000, 0x000000070aa00000, 0x00000007aaa80000)
  object space 174080K, 91% used [0x0000000700000000,0x0000000709c53770,0x000000070aa00000)
 PSPermGen       total 21504K, used 6024K [0x00000006fae00000, 0x00000006fc300000, 0x0000000700000000)
  object space 21504K, 28% used [0x00000006fae00000,0x00000006fb3e2200,0x00000006fc300000)

