# JRE version: Java(TM) SE Runtime Environment (7.0_40-b43) (build 1.7.0_40-b43)
# Java VM: Java HotSpot(TM) 64-Bit Server VM (24.0-b56 mixed mode windows-amd64 compressed oops)
Heap
 PSYoungGen      total 142848K, used 140298K [0x00000007aaa80000, 0x00000007b4080000, 0x0000000800000000)
  eden space 132096K, 98% used [0x00000007aaa80000,0x00000007b2902dd0,0x00000007b2b80000)
  from space 10752K, 99% used [0x00000007b3600000,0x00000007b407fd38,0x00000007b4080000)
  to   space 10752K, 0% used [0x00000007b2b80000,0x00000007b2b80000,0x00000007b3600000)
 ParOldGen       total 174080K, used 12487K [0x0000000700000000, 0x000000070aa00000, 0x00000007aaa80000)
  object space 174080K, 7% used [0x0000000700000000,0x0000000700c31f58,0x000000070aa00000)
 PSPermGen       total 21504K, used 5894K [0x00000006fae00000, 0x00000006fc300000, 0x0000000700000000)
  object space 21504K, 27% used [0x00000006fae00000,0x00000006fb3c19c0,0x00000006fc300000)
GC Heap History (4 events):
Event: 0.875 GC heap before
{Heap before GC invocations=1 (full 0):
 PSYoungGen      total 76800K, used 66048K [0x00000007aaa80000, 0x00000007b0000000, 0x0000000800000000)
  eden space 66048K, 100% used [0x00000007aaa80000,0x00000007aeb00000,0x00000007aeb00000)
  from space 10752K, 0% used [0x00000007af580000,0x00000007af580000,0x00000007b0000000)
  to   space 10752K, 0% used [0x00000007aeb00000,0x00000007aeb00000,0x00000007af580000)
 ParOldGen       total 174080K, used 0K [0x0000000700000000, 0x000000070aa00000, 0x00000007aaa80000)
  object space 174080K, 0% used [0x0000000700000000,0x0000000700000000,0x000000070aa00000)
 PSPermGen       total 21504K, used 5328K [0x00000006fae00000, 0x00000006fc300000, 0x0000000700000000)
  object space 21504K, 24% used [0x00000006fae00000,0x00000006fb334338,0x00000006fc300000)
Event: 0.886 GC heap after
Heap after GC invocations=1 (full 0):
 PSYoungGen      total 76800K, used 10728K [0x00000007aaa80000, 0x00000007b4080000, 0x0000000800000000)
  eden space 66048K, 0% used [0x00000007aaa80000,0x00000007aaa80000,0x00000007aeb00000)
  from space 10752K, 99% used [0x00000007aeb00000,0x00000007af57a298,0x00000007af580000)
  to   space 10752K, 0% used [0x00000007b3600000,0x00000007b3600000,0x00000007b4080000)
 ParOldGen       total 174080K, used 1974K [0x0000000700000000, 0x000000070aa00000, 0x00000007aaa80000)
  object space 174080K, 1% used [0x0000000700000000,0x00000007001edbd0,0x000000070aa00000)
 PSPermGen       total 21504K, used 5328K [0x00000006fae00000, 0x00000006fc300000, 0x0000000700000000)
  object space 21504K, 24% used [0x00000006fae00000,0x00000006fb334338,0x00000006fc300000)
}
Event: 1.434 GC heap before
{Heap before GC invocations=2 (full 0):
 PSYoungGen      total 76800K, used 76776K [0x00000007aaa80000, 0x00000007b4080000, 0x0000000800000000)
  eden space 66048K, 100% used [0x00000007aaa80000,0x00000007aeb00000,0x00000007aeb00000)
  from space 10752K, 99% used [0x00000007aeb00000,0x00000007af57a298,0x00000007af580000)
  to   space 10752K, 0% used [0x00000007b3600000,0x00000007b3600000,0x00000007b4080000)
 ParOldGen       total 174080K, used 1974K [0x0000000700000000, 0x000000070aa00000, 0x00000007aaa80000)
  object space 174080K, 1% used [0x0000000700000000,0x00000007001edbd0,0x000000070aa00000)
 PSPermGen       total 21504K, used 5826K [0x00000006fae00000, 0x00000006fc300000, 0x0000000700000000)
  object space 21504K, 27% used [0x00000006fae00000,0x00000006fb3b0af8,0x00000006fc300000)
Event: 1.449 GC heap after
Heap after GC invocations=2 (full 0):
 PSYoungGen      total 142848K, used 10751K [0x00000007aaa80000, 0x00000007b4080000, 0x0000000800000000)
  eden space 132096K, 0% used [0x00000007aaa80000,0x00000007aaa80000,0x00000007b2b80000)
  from space 10752K, 99% used [0x00000007b3600000,0x00000007b407fd38,0x00000007b4080000)
  to   space 10752K, 0% used [0x00000007b2b80000,0x00000007b2b80000,0x00000007b3600000)
 ParOldGen       total 174080K, used 12487K [0x0000000700000000, 0x000000070aa00000, 0x00000007aaa80000)
  object space 174080K, 7% used [0x0000000700000000,0x0000000700c31f58,0x000000070aa00000)
 PSPermGen       total 21504K, used 5826K [0x00000006fae00000, 0x00000006fc300000, 0x0000000700000000)
  object space 21504K, 27% used [0x00000006fae00000,0x00000006fb3b0af8,0x00000006fc300000)
}

