# JRE version: Java(TM) SE Runtime Environment (7.0_40-b43) (build 1.7.0_40-b43)
# Java VM: Java HotSpot(TM) 64-Bit Server VM (24.0-b56 mixed mode windows-amd64 compressed oops)
Heap
 PSYoungGen      total 583680K, used 63461K [0x00000007aaa80000, 0x00000007f7880000, 0x0000000800000000)
  eden space 520192K, 0% used [0x00000007aaa80000,0x00000007aaa80000,0x00000007ca680000)
  from space 63488K, 99% used [0x00000007ca680000,0x00000007ce479480,0x00000007ce480000)
  to   space 109568K, 0% used [0x00000007f0d80000,0x00000007f0d80000,0x00000007f7880000)
 ParOldGen       total 174080K, used 161587K [0x0000000700000000, 0x000000070aa00000, 0x00000007aaa80000)
  object space 174080K, 92% used [0x0000000700000000,0x0000000709dccdd8,0x000000070aa00000)
 PSPermGen       total 21504K, used 6025K [0x00000006fae00000, 0x00000006fc300000, 0x0000000700000000)
  object space 21504K, 28% used [0x00000006fae00000,0x00000006fb3e2770,0x00000006fc300000)
GC Heap History (10 events):
Event: 2.355 GC heap after
Heap after GC invocations=3 (full 0):
 PSYoungGen      total 142848K, used 10750K [0x00000007aaa80000, 0x00000007bc180000, 0x0000000800000000)
  eden space 132096K, 0% used [0x00000007aaa80000,0x00000007aaa80000,0x00000007b2b80000)
  from space 10752K, 99% used [0x00000007b2b80000,0x00000007b35ffaa0,0x00000007b3600000)
  to   space 10752K, 0% used [0x00000007bb700000,0x00000007bb700000,0x00000007bc180000)
 ParOldGen       total 174080K, used 31899K [0x0000000700000000, 0x000000070aa00000, 0x00000007aaa80000)
  object space 174080K, 18% used [0x0000000700000000,0x0000000701f26da8,0x000000070aa00000)
 PSPermGen       total 21504K, used 5870K [0x00000006fae00000, 0x00000006fc300000, 0x0000000700000000)
  object space 21504K, 27% used [0x00000006fae00000,0x00000006fb3bb8b8,0x00000006fc300000)
}
Event: 2.663 GC heap before
{Heap before GC invocations=4 (full 0):
 PSYoungGen      total 142848K, used 142846K [0x00000007aaa80000, 0x00000007bc180000, 0x0000000800000000)
  eden space 132096K, 100% used [0x00000007aaa80000,0x00000007b2b80000,0x00000007b2b80000)
  from space 10752K, 99% used [0x00000007b2b80000,0x00000007b35ffaa0,0x00000007b3600000)
  to   space 10752K, 0% used [0x00000007bb700000,0x00000007bb700000,0x00000007bc180000)
 ParOldGen       total 174080K, used 31899K [0x0000000700000000, 0x000000070aa00000, 0x00000007aaa80000)
  object space 174080K, 18% used [0x0000000700000000,0x0000000701f26da8,0x000000070aa00000)
 PSPermGen       total 21504K, used 5928K [0x00000006fae00000, 0x00000006fc300000, 0x0000000700000000)
  object space 21504K, 27% used [0x00000006fae00000,0x00000006fb3ca028,0x00000006fc300000)
Event: 2.690 GC heap after
Heap after GC invocations=4 (full 0):
 PSYoungGen      total 274944K, used 10731K [0x00000007aaa80000, 0x00000007bc180000, 0x0000000800000000)
  eden space 264192K, 0% used [0x00000007aaa80000,0x00000007aaa80000,0x00000007bac80000)
  from space 10752K, 99% used [0x00000007bb700000,0x00000007bc17ad48,0x00000007bc180000)
  to   space 10752K, 0% used [0x00000007bac80000,0x00000007bac80000,0x00000007bb700000)
 ParOldGen       total 174080K, used 49774K [0x0000000700000000, 0x000000070aa00000, 0x00000007aaa80000)
  object space 174080K, 28% used [0x0000000700000000,0x000000070309b870,0x000000070aa00000)
 PSPermGen       total 21504K, used 5928K [0x00000006fae00000, 0x00000006fc300000, 0x0000000700000000)
  object space 21504K, 27% used [0x00000006fae00000,0x00000006fb3ca028,0x00000006fc300000)
}
Event: 3.308 GC heap before
{Heap before GC invocations=5 (full 0):
 PSYoungGen      total 274944K, used 274923K [0x00000007aaa80000, 0x00000007bc180000, 0x0000000800000000)
  eden space 264192K, 100% used [0x00000007aaa80000,0x00000007bac80000,0x00000007bac80000)
  from space 10752K, 99% used [0x00000007bb700000,0x00000007bc17ad48,0x00000007bc180000)
  to   space 10752K, 0% used [0x00000007bac80000,0x00000007bac80000,0x00000007bb700000)
 ParOldGen       total 174080K, used 49774K [0x0000000700000000, 0x000000070aa00000, 0x00000007aaa80000)
  object space 174080K, 28% used [0x0000000700000000,0x000000070309b870,0x000000070aa00000)
 PSPermGen       total 21504K, used 5959K [0x00000006fae00000, 0x00000006fc300000, 0x0000000700000000)
  object space 21504K, 27% used [0x00000006fae00000,0x00000006fb3d1fc0,0x00000006fc300000)
Event: 3.368 GC heap after
Heap after GC invocations=5 (full 0):
 PSYoungGen      total 274944K, used 10726K [0x00000007aaa80000, 0x00000007d1a80000, 0x0000000800000000)
  eden space 264192K, 0% used [0x00000007aaa80000,0x00000007aaa80000,0x00000007bac80000)
  from space 10752K, 99% used [0x00000007bac80000,0x00000007bb6f98b0,0x00000007bb700000)
  to   space 55296K, 0% used [0x00000007ce480000,0x00000007ce480000,0x00000007d1a80000)
 ParOldGen       total 174080K, used 92265K [0x0000000700000000, 0x000000070aa00000, 0x00000007aaa80000)
  object space 174080K, 53% used [0x0000000700000000,0x0000000705a1a6f8,0x000000070aa00000)
 PSPermGen       total 21504K, used 5959K [0x00000006fae00000, 0x00000006fc300000, 0x0000000700000000)
  object space 21504K, 27% used [0x00000006fae00000,0x00000006fb3d1fc0,0x00000006fc300000)
}
Event: 3.730 GC heap before
{Heap before GC invocations=6 (full 0):
 PSYoungGen      total 274944K, used 274918K [0x00000007aaa80000, 0x00000007d1a80000, 0x0000000800000000)
  eden space 264192K, 100% used [0x00000007aaa80000,0x00000007bac80000,0x00000007bac80000)
  from space 10752K, 99% used [0x00000007bac80000,0x00000007bb6f98b0,0x00000007bb700000)
  to   space 55296K, 0% used [0x00000007ce480000,0x00000007ce480000,0x00000007d1a80000)
 ParOldGen       total 174080K, used 92265K [0x0000000700000000, 0x000000070aa00000, 0x00000007aaa80000)
  object space 174080K, 53% used [0x0000000700000000,0x0000000705a1a6f8,0x000000070aa00000)
 PSPermGen       total 21504K, used 5985K [0x00000006fae00000, 0x00000006fc300000, 0x0000000700000000)
  object space 21504K, 27% used [0x00000006fae00000,0x00000006fb3d86e8,0x00000006fc300000)
Event: 3.794 GC heap after
Heap after GC invocations=6 (full 0):
 PSYoungGen      total 575488K, used 51694K [0x00000007aaa80000, 0x00000007d2a80000, 0x0000000800000000)
  eden space 520192K, 0% used [0x00000007aaa80000,0x00000007aaa80000,0x00000007ca680000)
  from space 55296K, 93% used [0x00000007ce480000,0x00000007d16fba58,0x00000007d1a80000)
  to   space 63488K, 0% used [0x00000007ca680000,0x00000007ca680000,0x00000007ce480000)
 ParOldGen       total 174080K, used 92265K [0x0000000700000000, 0x000000070aa00000, 0x00000007aaa80000)
  object space 174080K, 53% used [0x0000000700000000,0x0000000705a1a6f8,0x000000070aa00000)
 PSPermGen       total 21504K, used 5985K [0x00000006fae00000, 0x00000006fc300000, 0x0000000700000000)
  object space 21504K, 27% used [0x00000006fae00000,0x00000006fb3d86e8,0x00000006fc300000)
}
Event: 4.607 GC heap before
{Heap before GC invocations=7 (full 0):
 PSYoungGen      total 575488K, used 571886K [0x00000007aaa80000, 0x00000007d2a80000, 0x0000000800000000)
  eden space 520192K, 100% used [0x00000007aaa80000,0x00000007ca680000,0x00000007ca680000)
  from space 55296K, 93% used [0x00000007ce480000,0x00000007d16fba58,0x00000007d1a80000)
  to   space 63488K, 0% used [0x00000007ca680000,0x00000007ca680000,0x00000007ce480000)
 ParOldGen       total 174080K, used 92265K [0x0000000700000000, 0x000000070aa00000, 0x00000007aaa80000)
  object space 174080K, 53% used [0x0000000700000000,0x0000000705a1a6f8,0x000000070aa00000)
 PSPermGen       total 21504K, used 6025K [0x00000006fae00000, 0x00000006fc300000, 0x0000000700000000)
  object space 21504K, 28% used [0x00000006fae00000,0x00000006fb3e2770,0x00000006fc300000)
Event: 4.766 GC heap after
Heap after GC invocations=7 (full 0):
 PSYoungGen      total 583680K, used 63461K [0x00000007aaa80000, 0x00000007f7880000, 0x0000000800000000)
  eden space 520192K, 0% used [0x00000007aaa80000,0x00000007aaa80000,0x00000007ca680000)
  from space 63488K, 99% used [0x00000007ca680000,0x00000007ce479480,0x00000007ce480000)
  to   space 109568K, 0% used [0x00000007f0d80000,0x00000007f0d80000,0x00000007f7880000)
 ParOldGen       total 174080K, used 161587K [0x0000000700000000, 0x000000070aa00000, 0x00000007aaa80000)
  object space 174080K, 92% used [0x0000000700000000,0x0000000709dccdd8,0x000000070aa00000)
 PSPermGen       total 21504K, used 6025K [0x00000006fae00000, 0x00000006fc300000, 0x0000000700000000)
  object space 21504K, 28% used [0x00000006fae00000,0x00000006fb3e2770,0x00000006fc300000)
}
Event: 4.766 GC heap before
{Heap before GC invocations=8 (full 1):
 PSYoungGen      total 583680K, used 63461K [0x00000007aaa80000, 0x00000007f7880000, 0x0000000800000000)
  eden space 520192K, 0% used [0x00000007aaa80000,0x00000007aaa80000,0x00000007ca680000)
  from space 63488K, 99% used [0x00000007ca680000,0x00000007ce479480,0x00000007ce480000)
  to   space 109568K, 0% used [0x00000007f0d80000,0x00000007f0d80000,0x00000007f7880000)
 ParOldGen       total 174080K, used 161587K [0x0000000700000000, 0x000000070aa00000, 0x00000007aaa80000)
  object space 174080K, 92% used [0x0000000700000000,0x0000000709dccdd8,0x000000070aa00000)
 PSPermGen       total 21504K, used 6025K [0x00000006fae00000, 0x00000006fc300000, 0x0000000700000000)
  object space 21504K, 28% used [0x00000006fae00000,0x00000006fb3e2770,0x00000006fc300000)

