# JRE version: Java(TM) SE Runtime Environment (7.0_40-b43) (build 1.7.0_40-b43)
# Java VM: Java HotSpot(TM) 64-Bit Server VM (24.0-b56 mixed mode windows-amd64 compressed oops)
Heap
 PSYoungGen      total 142848K, used 142818K [0x00000007aaa80000, 0x00000007bc180000, 0x0000000800000000)
  eden space 132096K, 100% used [0x00000007aaa80000,0x00000007b2b80000,0x00000007b2b80000)
  from space 10752K, 99% used [0x00000007b2b80000,0x00000007b35f8898,0x00000007b3600000)
  to   space 10752K, 99% used [0x00000007bb700000,0x00000007bc17c580,0x00000007bc180000)
 ParOldGen       total 174080K, used 40520K [0x0000000700000000, 0x000000070aa00000, 0x00000007aaa80000)
  object space 174080K, 23% used [0x0000000700000000,0x00000007027940a8,0x000000070aa00000)
 PSPermGen       total 21504K, used 5931K [0x00000006fae00000, 0x00000006fc300000, 0x0000000700000000)
  object space 21504K, 27% used [0x00000006fae00000,0x00000006fb3cac10,0x00000006fc300000)
GC Heap History (7 events):
Event: 0.864 GC heap before
{Heap before GC invocations=1 (full 0):
 PSYoungGen      total 76800K, used 66048K [0x00000007aaa80000, 0x00000007b0000000, 0x0000000800000000)
  eden space 66048K, 100% used [0x00000007aaa80000,0x00000007aeb00000,0x00000007aeb00000)
  from space 10752K, 0% used [0x00000007af580000,0x00000007af580000,0x00000007b0000000)
  to   space 10752K, 0% used [0x00000007aeb00000,0x00000007aeb00000,0x00000007af580000)
 ParOldGen       total 174080K, used 0K [0x0000000700000000, 0x000000070aa00000, 0x00000007aaa80000)
  object space 174080K, 0% used [0x0000000700000000,0x0000000700000000,0x000000070aa00000)
 PSPermGen       total 21504K, used 5761K [0x00000006fae00000, 0x00000006fc300000, 0x0000000700000000)
  object space 21504K, 26% used [0x00000006fae00000,0x00000006fb3a05b0,0x00000006fc300000)
Event: 0.873 GC heap after
Heap after GC invocations=1 (full 0):
 PSYoungGen      total 76800K, used 10748K [0x00000007aaa80000, 0x00000007b4080000, 0x0000000800000000)
  eden space 66048K, 0% used [0x00000007aaa80000,0x00000007aaa80000,0x00000007aeb00000)
  from space 10752K, 99% used [0x00000007aeb00000,0x00000007af57f070,0x00000007af580000)
  to   space 10752K, 0% used [0x00000007b3600000,0x00000007b3600000,0x00000007b4080000)
 ParOldGen       total 174080K, used 2051K [0x0000000700000000, 0x000000070aa00000, 0x00000007aaa80000)
  object space 174080K, 1% used [0x0000000700000000,0x0000000700200f78,0x000000070aa00000)
 PSPermGen       total 21504K, used 5761K [0x00000006fae00000, 0x00000006fc300000, 0x0000000700000000)
  object space 21504K, 26% used [0x00000006fae00000,0x00000006fb3a05b0,0x00000006fc300000)
}
Event: 1.459 GC heap before
{Heap before GC invocations=2 (full 0):
 PSYoungGen      total 76800K, used 76796K [0x00000007aaa80000, 0x00000007b4080000, 0x0000000800000000)
  eden space 66048K, 100% used [0x00000007aaa80000,0x00000007aeb00000,0x00000007aeb00000)
  from space 10752K, 99% used [0x00000007aeb00000,0x00000007af57f070,0x00000007af580000)
  to   space 10752K, 0% used [0x00000007b3600000,0x00000007b3600000,0x00000007b4080000)
 ParOldGen       total 174080K, used 2051K [0x0000000700000000, 0x000000070aa00000, 0x00000007aaa80000)
  object space 174080K, 1% used [0x0000000700000000,0x0000000700200f78,0x000000070aa00000)
 PSPermGen       total 21504K, used 5816K [0x00000006fae00000, 0x00000006fc300000, 0x0000000700000000)
  object space 21504K, 27% used [0x00000006fae00000,0x00000006fb3ae158,0x00000006fc300000)
Event: 1.476 GC heap after
Heap after GC invocations=2 (full 0):
 PSYoungGen      total 142848K, used 10750K [0x00000007aaa80000, 0x00000007b4080000, 0x0000000800000000)
  eden space 132096K, 0% used [0x00000007aaa80000,0x00000007aaa80000,0x00000007b2b80000)
  from space 10752K, 99% used [0x00000007b3600000,0x00000007b407fb08,0x00000007b4080000)
  to   space 10752K, 0% used [0x00000007b2b80000,0x00000007b2b80000,0x00000007b3600000)
 ParOldGen       total 174080K, used 12277K [0x0000000700000000, 0x000000070aa00000, 0x00000007aaa80000)
  object space 174080K, 7% used [0x0000000700000000,0x0000000700bfd440,0x000000070aa00000)
 PSPermGen       total 21504K, used 5816K [0x00000006fae00000, 0x00000006fc300000, 0x0000000700000000)
  object space 21504K, 27% used [0x00000006fae00000,0x00000006fb3ae158,0x00000006fc300000)
}
Event: 2.226 GC heap before
{Heap before GC invocations=3 (full 0):
 PSYoungGen      total 142848K, used 142846K [0x00000007aaa80000, 0x00000007b4080000, 0x0000000800000000)
  eden space 132096K, 100% used [0x00000007aaa80000,0x00000007b2b80000,0x00000007b2b80000)
  from space 10752K, 99% used [0x00000007b3600000,0x00000007b407fb08,0x00000007b4080000)
  to   space 10752K, 0% used [0x00000007b2b80000,0x00000007b2b80000,0x00000007b3600000)
 ParOldGen       total 174080K, used 12277K [0x0000000700000000, 0x000000070aa00000, 0x00000007aaa80000)
  object space 174080K, 7% used [0x0000000700000000,0x0000000700bfd440,0x000000070aa00000)
 PSPermGen       total 21504K, used 5874K [0x00000006fae00000, 0x00000006fc300000, 0x0000000700000000)
  object space 21504K, 27% used [0x00000006fae00000,0x00000006fb3bc968,0x00000006fc300000)
Event: 2.251 GC heap after
Heap after GC invocations=3 (full 0):
 PSYoungGen      total 142848K, used 10722K [0x00000007aaa80000, 0x00000007bc180000, 0x0000000800000000)
  eden space 132096K, 0% used [0x00000007aaa80000,0x00000007aaa80000,0x00000007b2b80000)
  from space 10752K, 99% used [0x00000007b2b80000,0x00000007b35f8898,0x00000007b3600000)
  to   space 10752K, 0% used [0x00000007bb700000,0x00000007bb700000,0x00000007bc180000)
 ParOldGen       total 174080K, used 31518K [0x0000000700000000, 0x000000070aa00000, 0x00000007aaa80000)
  object space 174080K, 18% used [0x0000000700000000,0x0000000701ec7a30,0x000000070aa00000)
 PSPermGen       total 21504K, used 5874K [0x00000006fae00000, 0x00000006fc300000, 0x0000000700000000)
  object space 21504K, 27% used [0x00000006fae00000,0x00000006fb3bc968,0x00000006fc300000)
}
Event: 2.595 GC heap before
{Heap before GC invocations=4 (full 0):
 PSYoungGen      total 142848K, used 142818K [0x00000007aaa80000, 0x00000007bc180000, 0x0000000800000000)
  eden space 132096K, 100% used [0x00000007aaa80000,0x00000007b2b80000,0x00000007b2b80000)
  from space 10752K, 99% used [0x00000007b2b80000,0x00000007b35f8898,0x00000007b3600000)
  to   space 10752K, 0% used [0x00000007bb700000,0x00000007bb700000,0x00000007bc180000)
 ParOldGen       total 174080K, used 31518K [0x0000000700000000, 0x000000070aa00000, 0x00000007aaa80000)
  object space 174080K, 18% used [0x0000000700000000,0x0000000701ec7a30,0x000000070aa00000)
 PSPermGen       total 21504K, used 5931K [0x00000006fae00000, 0x00000006fc300000, 0x0000000700000000)
  object space 21504K, 27% used [0x00000006fae00000,0x00000006fb3cac10,0x00000006fc300000)

